Library/Bee/Android/Prj/Mono2x/Gradle/launcher/build/outputs/mapping/release/seeds.txt
com.ludo.boomly.R$attr: int alpha
com.ludo.boomly.R$attr: int buttonSize
com.ludo.boomly.R$attr: int circleCrop
com.ludo.boomly.R$attr: int colorScheme
com.ludo.boomly.R$attr: int coordinatorLayoutStyle
com.ludo.boomly.R$attr: int font
com.ludo.boomly.R$attr: int fontProviderAuthority
com.ludo.boomly.R$attr: int fontProviderCerts
com.ludo.boomly.R$attr: int fontProviderFetchStrategy
com.ludo.boomly.R$attr: int fontProviderFetchTimeout
com.ludo.boomly.R$attr: int fontProviderPackage
com.ludo.boomly.R$attr: int fontProviderQuery
com.ludo.boomly.R$attr: int fontStyle
com.ludo.boomly.R$attr: int fontVariationSettings
com.ludo.boomly.R$attr: int fontWeight
com.ludo.boomly.R$attr: int imageAspectRatio
com.ludo.boomly.R$attr: int imageAspectRatioAdjust
com.ludo.boomly.R$attr: int keylines
com.ludo.boomly.R$attr: int layout_anchor
com.ludo.boomly.R$attr: int layout_anchorGravity
com.ludo.boomly.R$attr: int layout_behavior
com.ludo.boomly.R$attr: int layout_dodgeInsetEdges
com.ludo.boomly.R$attr: int layout_insetEdge
com.ludo.boomly.R$attr: int layout_keyline
com.ludo.boomly.R$attr: int scopeUris
com.ludo.boomly.R$attr: int statusBarBackground
com.ludo.boomly.R$attr: int ttcIndex
com.ludo.boomly.R$color: int common_google_signin_btn_text_dark
com.ludo.boomly.R$color: int common_google_signin_btn_text_dark_default
com.ludo.boomly.R$color: int common_google_signin_btn_text_dark_disabled
com.ludo.boomly.R$color: int common_google_signin_btn_text_dark_focused
com.ludo.boomly.R$color: int common_google_signin_btn_text_dark_pressed
com.ludo.boomly.R$color: int common_google_signin_btn_text_light
com.ludo.boomly.R$color: int common_google_signin_btn_text_light_default
com.ludo.boomly.R$color: int common_google_signin_btn_text_light_disabled
com.ludo.boomly.R$color: int common_google_signin_btn_text_light_focused
com.ludo.boomly.R$color: int common_google_signin_btn_text_light_pressed
com.ludo.boomly.R$color: int common_google_signin_btn_tint
com.ludo.boomly.R$color: int notification_action_color_filter
com.ludo.boomly.R$color: int notification_icon_bg_color
com.ludo.boomly.R$color: int ripple_material_light
com.ludo.boomly.R$color: int secondary_text_default_material_light
com.ludo.boomly.R$dimen: int compat_button_inset_horizontal_material
com.ludo.boomly.R$dimen: int compat_button_inset_vertical_material
com.ludo.boomly.R$dimen: int compat_button_padding_horizontal_material
com.ludo.boomly.R$dimen: int compat_button_padding_vertical_material
com.ludo.boomly.R$dimen: int compat_control_corner_material
com.ludo.boomly.R$dimen: int compat_notification_large_icon_max_height
com.ludo.boomly.R$dimen: int compat_notification_large_icon_max_width
com.ludo.boomly.R$dimen: int notification_action_icon_size
com.ludo.boomly.R$dimen: int notification_action_text_size
com.ludo.boomly.R$dimen: int notification_big_circle_margin
com.ludo.boomly.R$dimen: int notification_content_margin_start
com.ludo.boomly.R$dimen: int notification_large_icon_height
com.ludo.boomly.R$dimen: int notification_large_icon_width
com.ludo.boomly.R$dimen: int notification_main_column_padding_top
com.ludo.boomly.R$dimen: int notification_media_narrow_margin
com.ludo.boomly.R$dimen: int notification_right_icon_size
com.ludo.boomly.R$dimen: int notification_right_side_padding_top
com.ludo.boomly.R$dimen: int notification_small_icon_background_padding
com.ludo.boomly.R$dimen: int notification_small_icon_size_as_large
com.ludo.boomly.R$dimen: int notification_subtext_size
com.ludo.boomly.R$dimen: int notification_top_pad
com.ludo.boomly.R$dimen: int notification_top_pad_large_text
...
com.google.android.gms.measurement.internal.zzp: android.os.Parcelable$Creator CREATOR
com.google.android.gms.signin.internal.zaa: android.os.Parcelable$Creator CREATOR
com.google.android.gms.signin.internal.zag: android.os.Parcelable$Creator CREATOR
com.google.android.gms.signin.internal.zai: android.os.Parcelable$Creator CREATOR
com.google.android.gms.signin.internal.zak: android.os.Parcelable$Creator CREATOR
com.google.android.gms.tasks.Continuation
com.google.android.gms.tasks.OnCanceledListener
com.google.android.gms.tasks.OnCanceledListener: void onCanceled()
com.google.android.gms.tasks.OnCompleteListener
com.google.android.gms.tasks.OnFailureListener
com.google.android.gms.tasks.OnFailureListener: void onFailure(java.lang.Exception)
com.google.android.gms.tasks.OnSuccessListener
com.google.android.gms.tasks.OnSuccessListener: void onSuccess(java.lang.Object)
com.google.android.gms.tasks.SuccessContinuation
com.google.android.gms.tasks.Task
com.google.android.gms.tasks.Task: Task()
com.google.android.gms.tasks.Task: boolean isComplete()
com.google.android.gms.tasks.Task: boolean isSuccessful()
com.google.android.gms.tasks.Task: boolean isCanceled()
com.google.android.gms.tasks.Task: java.lang.Object getResult()
com.google.android.gms.tasks.Task: java.lang.Object getResult(java.lang.Class)
com.google.android.gms.tasks.Task: java.lang.Exception getException()
com.google.android.gms.tasks.Task: com.google.android.gms.tasks.Task addOnSuccessListener(com.google.android.gms.tasks.OnSuccessListener)
com.google.android.gms.tasks.Task: com.google.android.gms.tasks.Task addOnSuccessListener(java.util.concurrent.Executor,com.google.android.gms.tasks.OnSuccessListener)
com.google.android.gms.tasks.Task: com.google.android.gms.tasks.Task addOnSuccessListener(android.app.Activity,com.google.android.gms.tasks.OnSuccessListener)
com.google.android.gms.tasks.Task: com.google.android.gms.tasks.Task addOnFailureListener(com.google.android.gms.tasks.OnFailureListener)
com.google.android.gms.tasks.Task: com.google.android.gms.tasks.Task addOnFailureListener(java.util.concurrent.Executor,com.google.android.gms.tasks.OnFailureListener)
com.google.android.gms.tasks.Task: com.google.android.gms.tasks.Task addOnFailureListener(android.app.Activity,com.google.android.gms.tasks.OnFailureListener)
com.google.android.gms.tasks.TaskCompletionSource
com.google.androidgamesdk.ChoreographerCallback
com.google.androidgamesdk.ChoreographerCallback: java.lang.String LOG_TAG
com.google.androidgamesdk.ChoreographerCallback: long mCookie
com.google.androidgamesdk.ChoreographerCallback: com.google.androidgamesdk.ChoreographerCallback$a mLooper
com.google.androidgamesdk.ChoreographerCallback: ChoreographerCallback(long)
com.google.androidgamesdk.ChoreographerCallback: void postFrameCallback()
com.google.androidgamesdk.ChoreographerCallback: void postFrameCallbackDelayed(long)
com.google.androidgamesdk.ChoreographerCallback: void terminate()
com.google.androidgamesdk.ChoreographerCallback: void doFrame(long)
com.google.androidgamesdk.ChoreographerCallback: void nOnChoreographer(long,long)