Library/Bee/Android/Prj/Mono2x/Gradle/launcher/build/outputs/mapping/release/mapping.txt
com.google.android.gms.auth.api.signin.internal.zze -> com.google.android.gms.auth.api.signin.internal.g:
    java.util.concurrent.Semaphore zzbg -> o
    java.util.Set zzbh -> p
    void <init>(android.content.Context,java.util.Set) -> <init>
    java.lang.Void zzf() -> w
    void onStartLoading() -> j
    void onComplete() -> v
    java.lang.Object loadInBackground() -> d
com.google.android.gms.auth.api.signin.internal.zzf -> com.google.android.gms.auth.api.signin.internal.h:
    void <init>() -> <init>
    com.google.android.gms.common.api.PendingResult revokeAccess(com.google.android.gms.common.api.GoogleApiClient) -> a
com.google.android.gms.auth.api.signin.internal.zzg -> com.google.android.gms.auth.api.signin.internal.i:
    com.google.android.gms.auth.api.signin.GoogleSignInOptions zzbi -> f
    void <init>(android.content.Context,android.os.Looper,com.google.android.gms.common.internal.ClientSettings,com.google.android.gms.auth.api.signin.GoogleSignInOptions,com.google.android.gms.common.api.GoogleApiClient$ConnectionCallbacks,com.google.android.gms.common.api.GoogleApiClient$OnConnectionFailedListener) -> <init>
    java.lang.String getStartServiceAction() -> a
    java.lang.String getServiceDescriptor() -> b
    boolean providesSignIn() -> c
    android.content.Intent getSignInIntent() -> d
    com.google.android.gms.auth.api.signin.GoogleSignInOptions zzg() -> e
    int getMinApkVersion() -> f
    android.os.IInterface createServiceInterface(android.os.IBinder) -> a
com.google.android.gms.auth.api.signin.internal.zzh -> com.google.android.gms.auth.api.signin.internal.j:
    com.google.android.gms.common.logging.Logger zzbd -> a
    android.content.Intent zzc(android.content.Context,com.google.android.gms.auth.api.signin.GoogleSignInOptions) -> a
    com.google.android.gms.common.api.PendingResult zzd(com.google.android.gms.common.api.GoogleApiClient,android.content.Context,boolean) -> a
    void zzc(android.content.Context) -> a
    void <clinit>() -> <clinit>
com.google.android.gms.auth.api.signin.internal.zzm -> com.google.android.gms.auth.api.signin.internal.k:
    void <init>(com.google.android.gms.common.api.GoogleApiClient) -> <init>
    void doExecute(com.google.android.gms.common.api.Api$AnyClient) -> a
    com.google.android.gms.common.api.Result createFailedResult(com.google.android.gms.common.api.Status) -> a
com.google.android.gms.auth.api.signin.internal.zzn -> com.google.android.gms.auth.api.signin.internal.l:
    com.google.android.gms.auth.api.signin.internal.zzm zzbm -> a
    void <init>(com.google.android.gms.auth.api.signin.internal.zzm) -> <init>
    void zzf(com.google.android.gms.common.api.Status) -> b
com.google.android.gms.auth.api.signin.internal.zzo -> com.google.android.gms.auth.api.signin.internal.m:
    void <init>(com.google.android.gms.common.api.GoogleApiClient) -> <init>
com.google.android.gms.auth.api.signin.internal.zzp -> com.google.android.gms.auth.api.signin.internal.n:
    com.google.android.gms.auth.api.signin.internal.zzp zzbn -> a
    com.google.android.gms.auth.api.signin.internal.Storage zzbo -> b
    com.google.android.gms.auth.api.signin.GoogleSignInAccount zzbp -> c
    com.google.android.gms.auth.api.signin.GoogleSignInOptions zzbq -> d
    void <init>(android.content.Context) -> <init>
    com.google.android.gms.auth.api.signin.internal.zzp zzd(android.content.Context) -> a
    com.google.android.gms.auth.api.signin.internal.zzp zze(android.content.Context) -> b
    void clear() -> a
    void zzc(com.google.android.gms.auth.api.signin.GoogleSignInOptions,com.google.android.gms.auth.api.signin.GoogleSignInAccount) -> a
    void <clinit>() -> <clinit>
com.google.android.gms.auth.api.signin.internal.zzq -> com.google.android.gms.auth.api.signin.internal.o:
    void zzj() -> a
    void zzk() -> b