Library/Bee/Android/Prj/Mono2x/Gradle/launcher/build/outputs/mapping/release/usage.txt
com.ludo.boomly.BuildConfig
com.ludo.boomly.R
com.ludo.boomly.R$attr
com.ludo.boomly.R$color
com.ludo.boomly.R$dimen
com.ludo.boomly.R$drawable
com.ludo.boomly.R$id
com.ludo.boomly.R$integer
com.ludo.boomly.R$layout
com.ludo.boomly.R$mipmap
com.ludo.boomly.R$string
com.ludo.boomly.R$style
com.ludo.boomly.R$styleable
...
androidx.print.PrintHelper$PrintUriAdapter$1
androidx.print.PrintHelper$PrintUriAdapter$1$1
androidx.print.R
androidx.slidingpanelayout.R
androidx.slidingpanelayout.R$attr
androidx.slidingpanelayout.R$color
androidx.slidingpanelayout.R$dimen
androidx.slidingpanelayout.R$drawable
androidx.slidingpanelayout.R$id
androidx.slidingpanelayout.R$integer
androidx.slidingpanelayout.R$layout
androidx.slidingpanelayout.R$string
androidx.slidingpanelayout.R$style
androidx.slidingpanelayout.R$styleable
androidx.slidingpanelayout.widget.SlidingPaneLayout
androidx.slidingpanelayout.widget.SlidingPaneLayout$AccessibilityDelegate
androidx.slidingpanelayout.widget.SlidingPaneLayout$DisableLayerRunnable
androidx.slidingpanelayout.widget.SlidingPaneLayout$DragHelperCallback
androidx.slidingpanelayout.widget.SlidingPaneLayout$LayoutParams
androidx.slidingpanelayout.widget.SlidingPaneLayout$PanelSlideListener
androidx.slidingpanelayout.widget.SlidingPaneLayout$SavedState
androidx.slidingpanelayout.widget.SlidingPaneLayout$SavedState$1
androidx.slidingpanelayout.widget.SlidingPaneLayout$SimplePanelSlideListener
androidx.swiperefreshlayout.R
androidx.swiperefreshlayout.R$attr
androidx.swiperefreshlayout.R$color
androidx.swiperefreshlayout.R$dimen
androidx.swiperefreshlayout.R$drawable
androidx.swiperefreshlayout.R$id
androidx.swiperefreshlayout.R$integer
androidx.swiperefreshlayout.R$layout
androidx.swiperefreshlayout.R$string
androidx.swiperefreshlayout.R$style
androidx.swiperefreshlayout.R$styleable
androidx.swiperefreshlayout.widget.CircleImageView
androidx.swiperefreshlayout.widget.CircleImageView$OvalShadow
androidx.swiperefreshlayout.widget.CircularProgressDrawable
androidx.swiperefreshlayout.widget.CircularProgressDrawable$1
androidx.swiperefreshlayout.widget.CircularProgressDrawable$2
androidx.swiperefreshlayout.widget.CircularProgressDrawable$ProgressDrawableSize
androidx.swiperefreshlayout.widget.CircularProgressDrawable$Ring
androidx.swiperefreshlayout.widget.SwipeRefreshLayout
androidx.swiperefreshlayout.widget.SwipeRefreshLayout$1
androidx.swiperefreshlayout.widget.SwipeRefreshLayout$2
androidx.swiperefreshlayout.widget.SwipeRefreshLayout$3
androidx.swiperefreshlayout.widget.SwipeRefreshLayout$4
androidx.swiperefreshlayout.widget.SwipeRefreshLayout$5
androidx.swiperefreshlayout.widget.SwipeRefreshLayout$6
androidx.swiperefreshlayout.widget.SwipeRefreshLayout$7
androidx.swiperefreshlayout.widget.SwipeRefreshLayout$8
androidx.swiperefreshlayout.widget.SwipeRefreshLayout$OnChildScrollUpCallback
androidx.swiperefreshlayout.widget.SwipeRefreshLayout$OnRefreshListener
androidx.versionedparcelable.NonParcelField
androidx.versionedparcelable.ParcelField
androidx.versionedparcelable.ParcelImpl:
    34:36:public ParcelImpl(androidx.versionedparcelable.VersionedParcelable)
    46:46:public androidx.versionedparcelable.VersionedParcelable getVersionedParcel()
androidx.versionedparcelable.ParcelUtils
androidx.versionedparcelable.R